  [1m[35m (197.9ms)[0m  [1m[35mCREATE DATABASE "post_bootstrap_app_development" ENCODING = 'unicode'[0m
  [1m[35m (80.9ms)[0m  [1m[35mCREATE DATABASE "post_bootstrap_app_test" ENCODING = 'unicode'[0m
  [1m[35m (29.4ms)[0m  [1m[35mCREATE TABLE "schema_migrations" ("version" character varying NOT NULL PRIMARY KEY)[0m
  [1m[35m (85.6ms)[0m  [1m[35mCREATE TABLE "ar_internal_metadata" ("key" character varying NOT NULL PRIMARY KEY, "value" character varying, "created_at" timestamp(6) NOT NULL, "updated_at" timestamp(6) NOT NULL)[0m
  [1m[35m (1.2ms)[0m  [1m[34mSELECT pg_try_advisory_lock(1427130240994333470)[0m
  [1m[35m (0.4ms)[0m  [1m[34mSELECT "schema_migrations"."version" FROM "schema_migrations" ORDER BY "schema_migrations"."version" ASC[0m
Migrating to CreatePosts (20201213114119)
  [1m[35m (0.1ms)[0m  [1m[35mBEGIN[0m
  [1m[35m (8.5ms)[0m  [1m[35mCREATE TABLE "posts" ("id" bigserial primary key, "title" character varying, "content" text, "created_at" timestamp(6) NOT NULL, "updated_at" timestamp(6) NOT NULL)[0m
  [1m[36mprimary::SchemaMigration Create (0.3ms)[0m  [1m[32mINSERT INTO "schema_migrations" ("version") VALUES ($1) RETURNING "version"[0m  [["version", "20201213114119"]]
  [1m[35m (0.8ms)[0m  [1m[35mCOMMIT[0m
  [1m[36mActiveRecord::InternalMetadata Load (0.2ms)[0m  [1m[34mSELECT "ar_internal_metadata".* FROM "ar_internal_metadata" WHERE "ar_internal_metadata"."key" = $1 LIMIT $2[0m  [["key", "environment"], ["LIMIT", 1]]
  [1m[35m (0.1ms)[0m  [1m[35mBEGIN[0m
  [1m[36mActiveRecord::InternalMetadata Create (0.8ms)[0m  [1m[32mINSERT INTO "ar_internal_metadata" ("key", "value", "created_at", "updated_at") VALUES ($1, $2, $3, $4) RETURNING "key"[0m  [["key", "environment"], ["value", "development"], ["created_at", "2020-12-13 11:42:39.459370"], ["updated_at", "2020-12-13 11:42:39.459370"]]
  [1m[35m (0.3ms)[0m  [1m[35mCOMMIT[0m
  [1m[35m (0.2ms)[0m  [1m[34mSELECT pg_advisory_unlock(1427130240994333470)[0m
  [1m[35m (0.8ms)[0m  [1m[34mSELECT "schema_migrations"."version" FROM "schema_migrations" ORDER BY "schema_migrations"."version" ASC[0m
  [1m[35m (0.4ms)[0m  [1m[34mSELECT "schema_migrations"."version" FROM "schema_migrations" ORDER BY "schema_migrations"."version" ASC[0m
Started GET "/posts/new" for ::1 at 2020-12-19 21:11:53 +0900
  [1m[35m (4.1ms)[0m  [1m[34mSELECT "schema_migrations"."version" FROM "schema_migrations" ORDER BY "schema_migrations"."version" ASC[0m
Processing by PostsController#new as HTML
  Rendering posts/new.html.erb within layouts/application
  Rendered posts/new.html.erb within layouts/application (Duration: 18.4ms | Allocations: 1313)
[Webpacker] Compiling...
[Webpacker] Compiled all packs in /Users/masato/Desktop/rails/post_bootstrap_app/public/packs
[Webpacker] Hash: 76145d9ce4575ebaa29b
Version: webpack 4.44.2
Time: 2022ms
Built at: 2020/12/19 21:11:57
                                     Asset       Size       Chunks                         Chunk Names
    js/application-c229f7c7014cf8c8d494.js    124 KiB  application  [emitted] [immutable]  application
js/application-c229f7c7014cf8c8d494.js.map    139 KiB  application  [emitted] [dev]        application
                             manifest.json  364 bytes               [emitted]              
Entrypoint application = js/application-c229f7c7014cf8c8d494.js js/application-c229f7c7014cf8c8d494.js.map
[./app/javascript/channels sync recursive _channel\.js$] ./app/javascript/channels sync _channel\.js$ 160 bytes {application} [built]
[./app/javascript/channels/index.js] 211 bytes {application} [built]
[./app/javascript/packs/application.js] 749 bytes {application} [built]
[./node_modules/webpack/buildin/module.js] (webpack)/buildin/module.js 552 bytes {application} [built]
    + 3 hidden modules

Completed 200 OK in 4111ms (Views: 4077.9ms | ActiveRecord: 16.9ms | Allocations: 20874)


Started POST "/posts" for ::1 at 2020-12-19 21:23:50 +0900
  [1m[35m (2.1ms)[0m  [1m[34mSELECT "schema_migrations"."version" FROM "schema_migrations" ORDER BY "schema_migrations"."version" ASC[0m
Processing by PostsController#create as HTML
  Parameters: {"authenticity_token"=>"tiw+WXVSE3JcJNvEyPldK10NhlBbSrZLxgpLkc8opR/4bdDgEVHzMQHg71pzaLdVPjgfbygYHRXfGgQDewBUyw==", "post"=>{"title"=>"masa", "content"=>"test"}, "commit"=>"é€ä¿¡"}
  [1m[35m (0.2ms)[0m  [1m[35mBEGIN[0m
  â†³ app/controllers/posts_controller.rb:15:in `create'
  [1m[36mPost Create (7.1ms)[0m  [1m[32mINSERT INTO "posts" ("title", "content", "created_at", "updated_at") VALUES ($1, $2, $3, $4) RETURNING "id"[0m  [["title", "masa"], ["content", "test"], ["created_at", "2020-12-19 12:23:50.679887"], ["updated_at", "2020-12-19 12:23:50.679887"]]
  â†³ app/controllers/posts_controller.rb:15:in `create'
  [1m[35m (0.3ms)[0m  [1m[35mCOMMIT[0m
  â†³ app/controllers/posts_controller.rb:15:in `create'
Redirected to http://localhost:3000/posts/1
Completed 302 Found in 44ms (ActiveRecord: 29.7ms | Allocations: 6827)


Started GET "/posts/1" for ::1 at 2020-12-19 21:23:50 +0900
Processing by PostsController#show as HTML
  Parameters: {"id"=>"1"}
  [1m[36mPost Load (0.5ms)[0m  [1m[34mSELECT "posts".* FROM "posts" WHERE "posts"."id" = $1 LIMIT $2[0m  [["id", 1], ["LIMIT", 1]]
  â†³ app/controllers/posts_controller.rb:7:in `show'
  Rendering posts/show.html.erb within layouts/application
  Rendered posts/show.html.erb within layouts/application (Duration: 1.7ms | Allocations: 231)
[Webpacker] Everything's up-to-date. Nothing to do
Completed 200 OK in 39ms (Views: 21.4ms | ActiveRecord: 0.8ms | Allocations: 8839)


Started GET "/posts/1" for ::1 at 2020-12-19 21:24:44 +0900
Processing by PostsController#show as HTML
  Parameters: {"id"=>"1"}
  [1m[36mPost Load (0.4ms)[0m  [1m[34mSELECT "posts".* FROM "posts" WHERE "posts"."id" = $1 LIMIT $2[0m  [["id", 1], ["LIMIT", 1]]
  â†³ app/controllers/posts_controller.rb:7:in `show'
  Rendering posts/show.html.erb within layouts/application
  Rendered posts/show.html.erb within layouts/application (Duration: 0.5ms | Allocations: 111)
[Webpacker] Everything's up-to-date. Nothing to do
Completed 200 OK in 12ms (Views: 8.6ms | ActiveRecord: 0.4ms | Allocations: 5850)


Started GET "/posts" for ::1 at 2020-12-19 21:25:03 +0900
Processing by PostsController#index as HTML
  Rendering posts/index.html.erb within layouts/application
  [1m[36mPost Load (0.7ms)[0m  [1m[34mSELECT "posts".* FROM "posts" ORDER BY "posts"."id" ASC[0m
  â†³ app/views/posts/index.html.erb:11
  Rendered posts/index.html.erb within layouts/application (Duration: 3.8ms | Allocations: 1006)
[Webpacker] Everything's up-to-date. Nothing to do
Completed 200 OK in 12ms (Views: 10.3ms | ActiveRecord: 0.7ms | Allocations: 5390)


Started DELETE "/posts/1" for ::1 at 2020-12-19 21:25:08 +0900
Processing by PostsController#destroy as HTML
  Parameters: {"authenticity_token"=>"GPNdqmb5a+OytgH7AU2boPF5ZjhZNNrlEsPldGXzxpxWsrMTAvqLoO9yNWW63HHekkz/BypmcbsL06rm0ds3SA==", "id"=>"1"}
  [1m[36mPost Load (0.3ms)[0m  [1m[34mSELECT "posts".* FROM "posts" WHERE "posts"."id" = $1 LIMIT $2[0m  [["id", 1], ["LIMIT", 1]]
  â†³ app/controllers/posts_controller.rb:26:in `destroy'
  [1m[35m (0.2ms)[0m  [1m[35mBEGIN[0m
  â†³ app/controllers/posts_controller.rb:27:in `destroy'
  [1m[36mPost Destroy (0.3ms)[0m  [1m[31mDELETE FROM "posts" WHERE "posts"."id" = $1[0m  [["id", 1]]
  â†³ app/controllers/posts_controller.rb:27:in `destroy'
  [1m[35m (0.5ms)[0m  [1m[35mCOMMIT[0m
  â†³ app/controllers/posts_controller.rb:27:in `destroy'
Redirected to http://localhost:3000/
Completed 302 Found in 7ms (ActiveRecord: 1.2ms | Allocations: 3194)


Started GET "/" for ::1 at 2020-12-19 21:25:08 +0900
Processing by PostsController#index as HTML
  Rendering posts/index.html.erb within layouts/application
  [1m[36mPost Load (0.3ms)[0m  [1m[34mSELECT "posts".* FROM "posts" ORDER BY "posts"."id" ASC[0m
  â†³ app/views/posts/index.html.erb:11
  Rendered posts/index.html.erb within layouts/application (Duration: 1.2ms | Allocations: 624)
[Webpacker] Everything's up-to-date. Nothing to do
Completed 200 OK in 8ms (Views: 7.0ms | ActiveRecord: 0.3ms | Allocations: 4867)


